1588317055684	mozrunner::runner	INFO	Running command: "C:\\Program Files\\Mozilla Firefox\\firefox.exe" "-marionette" "-foreground" "-no-remote" "-profile" "C:\\Users\\ChewDK\\AppData\\Local\\Temp\\rust_mozprofileLS1XdS"
1588317088775	mozrunner::runner	INFO	Running command: "C:\\Program Files\\Mozilla Firefox\\firefox.exe" "-marionette" "-foreground" "-no-remote" "-profile" "C:\\Users\\ChewDK\\AppData\\Local\\Temp\\rust_mozprofilePYtIsi"
1588317089061	addons.webextension.doh-rollout@mozilla.org	WARN	Loading extension 'doh-rollout@mozilla.org': Reading manifest: Invalid extension permission: networkStatus
1588317089516	addons.webextension.screenshots@mozilla.org	WARN	Loading extension 'screenshots@mozilla.org': Reading manifest: Invalid extension permission: mozillaAddons
1588317089516	addons.webextension.screenshots@mozilla.org	WARN	Loading extension 'screenshots@mozilla.org': Reading manifest: Invalid extension permission: telemetry
1588317089516	addons.webextension.screenshots@mozilla.org	WARN	Loading extension 'screenshots@mozilla.org': Reading manifest: Invalid extension permission: resource://pdf.js/
1588317089516	addons.webextension.screenshots@mozilla.org	WARN	Loading extension 'screenshots@mozilla.org': Reading manifest: Invalid extension permission: about:reader*
LdrLoadDll: Blocking load of 'nahimicmsidevprops.dll' -- see http://www.mozilla.com/en-US/blocklist/
LdrLoadDll: Blocking load of 'nahimicmsiosd.dll' -- see http://www.mozilla.com/en-US/blocklist/
LdrLoadDll: Blocking load of 'nahimicmsidevprops.dll' -- see http://www.mozilla.com/en-US/blocklist/
LdrLoadDll: Blocking load of 'nahimicmsiosd.dll' -- see http://www.mozilla.com/en-US/blocklist/
LdrLoadDll: Blocking load of 'nahimicmsidevprops.dll' -- see http://www.mozilla.com/en-US/blocklist/
LdrLoadDll: Blocking load of 'nahimicmsiosd.dll' -- see http://www.mozilla.com/en-US/blocklist/
JavaScript error: resource://gre/modules/XULStore.jsm, line 66: Error: Can't find profile directory.
1588317091106	Marionette	INFO	Listening on port 60274
1588317091490	Marionette	WARN	TLS certificate errors will be ignored for this session
1588317103455	Marionette	INFO	Stopped listening on port 60274

###!!! [Child][RunMessage] Error: Channel closing: too late to send/recv, messages will be lost

rs\\ChewDK\\AppData\\Local\\Temp\\rust_mozprofileX0vhIV"
1588317100308	addons.webextension.doh-rollout@mozilla.org	WARN	Loading extension 'doh-rollout@mozilla.org': Reading manifest: Invalid extension permission: networkStatus
1588317100737	addons.webextension.screenshots@mozilla.org	WARN	Loading extension 'screenshots@mozilla.org': Reading manifest: Invalid extension permission: mozillaAddons
1588317100737	addons.webextension.screenshots@mozilla.org	WARN	Loading extension 'screenshots@mozilla.org': Reading manifest: Invalid extension permission: telemetry
1588317100737	addons.webextension.screenshots@mozilla.org	WARN	Loading extension 'screenshots@mozilla.org': Reading manifest: Invalid extension permission: resource://pdf.js/
1588317100737	addons.webextension.screenshots@mozilla.org	WARN	Loading extension 'screenshots@mozilla.org': Reading manifest: Invalid extension permission: about:reader*
LdrLoadDll: Blocking load of 'nahimicmsidevprops.dll' -- see http://www.mozilla.com/en-US/blocklist/
LdrLoadDll: Blocking load of 'nahimicmsiosd.dll' -- see http://www.mozilla.com/en-US/blocklist/
LdrLoadDll: Blocking load of 'nahimicmsidevprops.dll' -- see http://www.mozilla.com/en-US/blocklist/
LdrLoadDll: Blocking load of 'nahimicmsiosd.dll' -- see http://www.mozilla.com/en-US/blocklist/
LdrLoadDll: Blocking load of 'nahimicmsidevprops.dll' -- see http://www.mozilla.com/en-US/blocklist/
LdrLoadDll: Blocking load of 'nahimicmsiosd.dll' -- see http://www.mozilla.com/en-US/blocklist/
JavaScript error: resource://gre/modules/XULStore.jsm, line 66: Error: Can't find profile directory.
1588317102652	Marionette	INFO	Listening on port 60319
1588317102761	Marionette	WARN	TLS certificate errors will be ignored for this session
1588317144460	Marionette	INFO	Stopped listening on port 60319

###!!! [Child][RunMessage] Error: Channel closing: too late to send/recv, messages will be lost


###!!! [Child][MessageChannel::SendAndWait] Error: Channel error: cannot send/recv

on.doh-rollout@mozilla.org	WARN	Loading extension 'doh-rollout@mozilla.org': Reading manifest: Invalid extension permission: networkStatus
1588317110910	addons.webextension.screenshots@mozilla.org	WARN	Loading extension 'screenshots@mozilla.org': Reading manifest: Invalid extension permission: mozillaAddons
1588317110910	addons.webextension.screenshots@mozilla.org	WARN	Loading extension 'screenshots@mozilla.org': Reading manifest: Invalid extension permission: telemetry
1588317110910	addons.webextension.screenshots@mozilla.org	WARN	Loading extension 'screenshots@mozilla.org': Reading manifest: Invalid extension permission: resource://pdf.js/
1588317110910	addons.webextension.screenshots@mozilla.org	WARN	Loading extension 'screenshots@mozilla.org': Reading manifest: Invalid extension permission: about:reader*
LdrLoadDll: Blocking load of 'nahimicmsidevprops.dll' -- see http://www.mozilla.com/en-US/blocklist/
LdrLoadDll: Blocking load of 'nahimicmsiosd.dll' -- see http://www.mozilla.com/en-US/blocklist/
LdrLoadDll: Blocking load of 'nahimicmsidevprops.dll' -- see http://www.mozilla.com/en-US/blocklist/
LdrLoadDll: Blocking load of 'nahimicmsiosd.dll' -- see http://www.mozilla.com/en-US/blocklist/
LdrLoadDll: Blocking load of 'nahimicmsidevprops.dll' -- see http://www.mozilla.com/en-US/blocklist/
LdrLoadDll: Blocking load of 'nahimicmsiosd.dll' -- see http://www.mozilla.com/en-US/blocklist/
JavaScript error: resource://gre/modules/XULStore.jsm, line 66: Error: Can't find profile directory.
1588317112458	Marionette	INFO	Listening on port 60358
1588317112902	Marionette	WARN	TLS certificate errors will be ignored for this session
1588317148531	Marionette	INFO	Stopped listening on port 60358

###!!! [Child][RunMessage] Error: Channel closing: too late to send/recv, messages will be lost

1588317154425	mozrunner::runner	INFO	Running command: "C:\\Program Files\\Mozilla Firefox\\firefox.exe" "-marionette" "-foreground" "-no-remote" "-profile" "C:\\Users\\ChewDK\\AppData\\Local\\Temp\\rust_mozprofileyWJwBL"
1588317154704	addons.webextension.doh-rollout@mozilla.org	WARN	Loading extension 'doh-rollout@mozilla.org': Reading manifest: Invalid extension permission: networkStatus
1588317155079	addons.webextension.screenshots@mozilla.org	WARN	Loading extension 'screenshots@mozilla.org': Reading manifest: Invalid extension permission: mozillaAddons
1588317155080	addons.webextension.screenshots@mozilla.org	WARN	Loading extension 'screenshots@mozilla.org': Reading manifest: Invalid extension permission: telemetry
1588317155080	addons.webextension.screenshots@mozilla.org	WARN	Loading extension 'screenshots@mozilla.org': Reading manifest: Invalid extension permission: resource://pdf.js/
1588317155080	addons.webextension.screenshots@mozilla.org	WARN	Loading extension 'screenshots@mozilla.org': Reading manifest: Invalid extension permission: about:reader*
LdrLoadDll: Blocking load of 'nahimicmsidevprops.dll' -- see http://www.mozilla.com/en-US/blocklist/
LdrLoadDll: Blocking load of 'nahimicmsiosd.dll' -- see http://www.mozilla.com/en-US/blocklist/
LdrLoadDll: Blocking load of 'nahimicmsidevprops.dll' -- see http://www.mozilla.com/en-US/blocklist/
LdrLoadDll: Blocking load of 'nahimicmsiosd.dll' -- see http://www.mozilla.com/en-US/blocklist/
LdrLoadDll: Blocking load of 'nahimicmsidevprops.dll' -- see http://www.mozilla.com/en-US/blocklist/
LdrLoadDll: Blocking load of 'nahimicmsiosd.dll' -- see http://www.mozilla.com/en-US/blocklist/
JavaScript error: resource://gre/modules/XULStore.jsm, line 66: Error: Can't find profile directory.
1588317156634	Marionette	INFO	Listening on port 60418
1588317156671	Marionette	WARN	TLS certificate errors will be ignored for this session
1588317161699	Marionette	INFO	Stopped listening on port 60418

###!!! [Child][RunMessage] Error: Channel closing: too late to send/recv, messages will be lost


###!!! [Child][MessageChannel::SendAndWait] Error: Channel error: cannot send/recv

1588317569338	mozrunner::runner	INFO	Running command: "C:\\Program Files\\Mozilla Firefox\\firefox.exe" "-marionette" "-foreground" "-no-remote" "-profile" "C:\\Users\\ChewDK\\AppData\\Local\\Temp\\rust_mozprofile5tpJwh"
1588317569617	addons.webextension.doh-rollout@mozilla.org	WARN	Loading extension 'doh-rollout@mozilla.org': Reading manifest: Invalid extension permission: networkStatus
1588317569987	addons.webextension.screenshots@mozilla.org	WARN	Loading extension 'screenshots@mozilla.org': Reading manifest: Invalid extension permission: mozillaAddons
1588317569987	addons.webextension.screenshots@mozilla.org	WARN	Loading extension 'screenshots@mozilla.org': Reading manifest: Invalid extension permission: telemetry
1588317569988	addons.webextension.screenshots@mozilla.org	WARN	Loading extension 'screenshots@mozilla.org': Reading manifest: Invalid extension permission: resource://pdf.js/
1588317569988	addons.webextension.screenshots@mozilla.org	WARN	Loading extension 'screenshots@mozilla.org': Reading manifest: Invalid extension permission: about:reader*
LdrLoadDll: Blocking load of 'nahimicmsidevprops.dll' -- see http://www.mozilla.com/en-US/blocklist/
LdrLoadDll: Blocking load of 'nahimicmsiosd.dll' -- see http://www.mozilla.com/en-US/blocklist/
LdrLoadDll: Blocking load of 'nahimicmsidevprops.dll' -- see http://www.mozilla.com/en-US/blocklist/
LdrLoadDll: Blocking load of 'nahimicmsiosd.dll' -- see http://www.mozilla.com/en-US/blocklist/
LdrLoadDll: Blocking load of 'nahimicmsidevprops.dll' -- see http://www.mozilla.com/en-US/blocklist/
LdrLoadDll: Blocking load of 'nahimicmsiosd.dll' -- see http://www.mozilla.com/en-US/blocklist/
JavaScript error: resource://gre/modules/XULStore.jsm, line 66: Error: Can't find profile directory.
1588317571808	Marionette	INFO	Listening on port 60667
1588317572046	Marionette	WARN	TLS certificate errors will be ignored for this session
1588317604009	Marionette	INFO	Stopped listening on port 60667

###!!! [Child][RunMessage] Error: Channel closing: too late to send/recv, messages will be lost

rs\\ChewDK\\AppData\\Local\\Temp\\rust_mozprofile0g7kxi"
1588317580137	addons.webextension.doh-rollout@mozilla.org	WARN	Loading extension 'doh-rollout@mozilla.org': Reading manifest: Invalid extension permission: networkStatus
1588317580512	addons.webextension.screenshots@mozilla.org	WARN	Loading extension 'screenshots@mozilla.org': Reading manifest: Invalid extension permission: mozillaAddons
1588317580513	addons.webextension.screenshots@mozilla.org	WARN	Loading extension 'screenshots@mozilla.org': Reading manifest: Invalid extension permission: telemetry
1588317580513	addons.webextension.screenshots@mozilla.org	WARN	Loading extension 'screenshots@mozilla.org': Reading manifest: Invalid extension permission: resource://pdf.js/
1588317580513	addons.webextension.screenshots@mozilla.org	WARN	Loading extension 'screenshots@mozilla.org': Reading manifest: Invalid extension permission: about:reader*
LdrLoadDll: Blocking load of 'nahimicmsidevprops.dll' -- see http://www.mozilla.com/en-US/blocklist/
LdrLoadDll: Blocking load of 'nahimicmsiosd.dll' -- see http://www.mozilla.com/en-US/blocklist/
LdrLoadDll: Blocking load of 'nahimicmsidevprops.dll' -- see http://www.mozilla.com/en-US/blocklist/
LdrLoadDll: Blocking load of 'nahimicmsiosd.dll' -- see http://www.mozilla.com/en-US/blocklist/
LdrLoadDll: Blocking load of 'nahimicmsidevprops.dll' -- see http://www.mozilla.com/en-US/blocklist/
LdrLoadDll: Blocking load of 'nahimicmsiosd.dll' -- see http://www.mozilla.com/en-US/blocklist/
JavaScript error: resource://gre/modules/XULStore.jsm, line 66: Error: Can't find profile directory.
1588317582052	Marionette	INFO	Listening on port 60713
1588317582067	Marionette	WARN	TLS certificate errors will be ignored for this session
1588317605506	Marionette	INFO	Stopped listening on port 60713

###!!! [Child][RunMessage] Error: Channel closing: too late to send/recv, messages will be lost

1588317640974	mozrunner::runner	INFO	Running command: "C:\\Program Files\\Mozilla Firefox\\firefox.exe" "-marionette" "-foreground" "-no-remote" "-profile" "C:\\Users\\ChewDK\\AppData\\Local\\Temp\\rust_mozprofile7UKRUF"
1588317641238	addons.webextension.doh-rollout@mozilla.org	WARN	Loading extension 'doh-rollout@mozilla.org': Reading manifest: Invalid extension permission: networkStatus
1588317641606	addons.webextension.screenshots@mozilla.org	WARN	Loading extension 'screenshots@mozilla.org': Reading manifest: Invalid extension permission: mozillaAddons
1588317641606	addons.webextension.screenshots@mozilla.org	WARN	Loading extension 'screenshots@mozilla.org': Reading manifest: Invalid extension permission: telemetry
1588317641606	addons.webextension.screenshots@mozilla.org	WARN	Loading extension 'screenshots@mozilla.org': Reading manifest: Invalid extension permission: resource://pdf.js/
1588317641606	addons.webextension.screenshots@mozilla.org	WARN	Loading extension 'screenshots@mozilla.org': Reading manifest: Invalid extension permission: about:reader*
LdrLoadDll: Blocking load of 'nahimicmsidevprops.dll' -- see http://www.mozilla.com/en-US/blocklist/
LdrLoadDll: Blocking load of 'nahimicmsiosd.dll' -- see http://www.mozilla.com/en-US/blocklist/
LdrLoadDll: Blocking load of 'nahimicmsidevprops.dll' -- see http://www.mozilla.com/en-US/blocklist/
LdrLoadDll: Blocking load of 'nahimicmsiosd.dll' -- see http://www.mozilla.com/en-US/blocklist/
LdrLoadDll: Blocking load of 'nahimicmsidevprops.dll' -- see http://www.mozilla.com/en-US/blocklist/
LdrLoadDll: Blocking load of 'nahimicmsiosd.dll' -- see http://www.mozilla.com/en-US/blocklist/
JavaScript error: resource://gre/modules/XULStore.jsm, line 66: Error: Can't find profile directory.
1588317643100	Marionette	INFO	Listening on port 60785
1588317643186	Marionette	WARN	TLS certificate errors will be ignored for this session
1588317655514	Marionette	INFO	Stopped listening on port 60785

###!!! [Child][RunMessage] Error: Channel closing: too late to send/recv, messages will be lost

1588317713946	mozrunner::runner	INFO	Running command: "C:\\Program Files\\Mozilla Firefox\\firefox.exe" "-marionette" "-foreground" "-no-remote" "-profile" "C:\\Users\\ChewDK\\AppData\\Local\\Temp\\rust_mozprofilefgce4U"
1588317714227	addons.webextension.doh-rollout@mozilla.org	WARN	Loading extension 'doh-rollout@mozilla.org': Reading manifest: Invalid extension permission: networkStatus
1588317714600	addons.webextension.screenshots@mozilla.org	WARN	Loading extension 'screenshots@mozilla.org': Reading manifest: Invalid extension permission: mozillaAddons
1588317714600	addons.webextension.screenshots@mozilla.org	WARN	Loading extension 'screenshots@mozilla.org': Reading manifest: Invalid extension permission: telemetry
1588317714600	addons.webextension.screenshots@mozilla.org	WARN	Loading extension 'screenshots@mozilla.org': Reading manifest: Invalid extension permission: resource://pdf.js/
1588317714601	addons.webextension.screenshots@mozilla.org	WARN	Loading extension 'screenshots@mozilla.org': Reading manifest: Invalid extension permission: about:reader*
LdrLoadDll: Blocking load of 'nahimicmsidevprops.dll' -- see http://www.mozilla.com/en-US/blocklist/
LdrLoadDll: Blocking load of 'nahimicmsiosd.dll' -- see http://www.mozilla.com/en-US/blocklist/
LdrLoadDll: Blocking load of 'nahimicmsidevprops.dll' -- see http://www.mozilla.com/en-US/blocklist/
LdrLoadDll: Blocking load of 'nahimicmsiosd.dll' -- see http://www.mozilla.com/en-US/blocklist/
LdrLoadDll: Blocking load of 'nahimicmsidevprops.dll' -- see http://www.mozilla.com/en-US/blocklist/
LdrLoadDll: Blocking load of 'nahimicmsiosd.dll' -- see http://www.mozilla.com/en-US/blocklist/
JavaScript error: resource://gre/modules/XULStore.jsm, line 66: Error: Can't find profile directory.
1588317716260	Marionette	INFO	Listening on port 60857
1588317716665	Marionette	WARN	TLS certificate errors will be ignored for this session
1588317726630	Marionette	INFO	Stopped listening on port 60857

###!!! [Child][RunMessage] Error: Channel closing: too late to send/recv, messages will be lost

